<?xml version="1.0" encoding="UTF-8"?>
<coverage generated="1643650349497" clover="3.2.0">
  <project timestamp="1643650349497" name="All files">
    <metrics statements="38" coveredstatements="20" conditionals="4" coveredconditionals="0" methods="12" coveredmethods="4" elements="54" coveredelements="24" complexity="0" loc="38" ncloc="38" packages="1" files="1" classes="1"/>
    <file name="ListaDeUsuarios.jsx" path="C:\Users\Zappts\OneDrive\Área de Trabalho\Newtab\UX UI\Newtab-Ux-Ui\src\ListaDeUsuarios.jsx">
      <metrics statements="38" coveredstatements="20" conditionals="4" coveredconditionals="0" methods="12" coveredmethods="4"/>
      <line num="8" count="1" type="stmt"/>
      <line num="9" count="3" type="stmt"/>
      <line num="10" count="2" type="stmt"/>
      <line num="11" count="1" type="stmt"/>
      <line num="13" count="1" type="stmt"/>
      <line num="17" count="2" type="stmt"/>
      <line num="33" count="2" type="stmt"/>
      <line num="34" count="0" type="stmt"/>
      <line num="38" count="2" type="stmt"/>
      <line num="39" count="2" type="stmt"/>
      <line num="40" count="2" type="stmt"/>
      <line num="41" count="2" type="stmt"/>
      <line num="42" count="2" type="stmt"/>
      <line num="43" count="2" type="stmt"/>
      <line num="44" count="2" type="stmt"/>
      <line num="47" count="2" type="stmt"/>
      <line num="48" count="0" type="stmt"/>
      <line num="49" count="0" type="stmt"/>
      <line num="53" count="2" type="stmt"/>
      <line num="54" count="0" type="cond" truecount="0" falsecount="2"/>
      <line num="55" count="0" type="stmt"/>
      <line num="58" count="0" type="cond" truecount="0" falsecount="2"/>
      <line num="59" count="0" type="stmt"/>
      <line num="61" count="0" type="stmt"/>
      <line num="63" count="0" type="stmt"/>
      <line num="64" count="0" type="stmt"/>
      <line num="65" count="0" type="stmt"/>
      <line num="66" count="0" type="stmt"/>
      <line num="71" count="2" type="stmt"/>
      <line num="72" count="0" type="stmt"/>
      <line num="76" count="2" type="stmt"/>
      <line num="77" count="0" type="stmt"/>
      <line num="78" count="0" type="stmt"/>
      <line num="82" count="2" type="stmt"/>
      <line num="93" count="2" type="stmt"/>
      <line num="101" count="0" type="stmt"/>
      <line num="120" count="0" type="stmt"/>
      <line num="127" count="0" type="stmt"/>
    </file>
  </project>
</coverage>
