{"C:\\Users\\Zappts\\OneDrive\\Área de Trabalho\\Newtab\\UX UI\\Newtab-Ux-Ui\\src\\ListaDeUsuarios.jsx": {"path":"C:\\Users\\Zappts\\OneDrive\\Área de Trabalho\\Newtab\\UX UI\\Newtab-Ux-Ui\\src\\ListaDeUsuarios.jsx","statementMap":{"0":{"start":{"line":8,"column":24},"end":{"line":133,"column":1}},"1":{"start":{"line":9,"column":30},"end":{"line":9,"column":42}},"2":{"start":{"line":10,"column":4},"end":{"line":14,"column":10}},"3":{"start":{"line":11,"column":8},"end":{"line":13,"column":56}},"4":{"start":{"line":13,"column":31},"end":{"line":13,"column":54}},"5":{"start":{"line":17,"column":14},"end":{"line":30,"column":1}},"6":{"start":{"line":33,"column":24},"end":{"line":35,"column":1}},"7":{"start":{"line":34,"column":4},"end":{"line":34,"column":39}},"8":{"start":{"line":38,"column":44},"end":{"line":38,"column":60}},"9":{"start":{"line":39,"column":40},"end":{"line":39,"column":52}},"10":{"start":{"line":40,"column":36},"end":{"line":40,"column":52}},"11":{"start":{"line":41,"column":46},"end":{"line":41,"column":58}},"12":{"start":{"line":42,"column":38},"end":{"line":42,"column":51}},"13":{"start":{"line":43,"column":42},"end":{"line":43,"column":54}},"14":{"start":{"line":44,"column":40},"end":{"line":44,"column":56}},"15":{"start":{"line":47,"column":24},"end":{"line":50,"column":1}},"16":{"start":{"line":48,"column":4},"end":{"line":48,"column":29}},"17":{"start":{"line":49,"column":4},"end":{"line":49,"column":25}},"18":{"start":{"line":53,"column":24},"end":{"line":68,"column":1}},"19":{"start":{"line":54,"column":4},"end":{"line":67,"column":5}},"20":{"start":{"line":55,"column":8},"end":{"line":55,"column":32}},"21":{"start":{"line":58,"column":8},"end":{"line":62,"column":9}},"22":{"start":{"line":59,"column":12},"end":{"line":59,"column":35}},"23":{"start":{"line":61,"column":12},"end":{"line":61,"column":38}},"24":{"start":{"line":63,"column":8},"end":{"line":63,"column":34}},"25":{"start":{"line":64,"column":8},"end":{"line":64,"column":30}},"26":{"start":{"line":65,"column":8},"end":{"line":65,"column":29}},"27":{"start":{"line":66,"column":8},"end":{"line":66,"column":32}},"28":{"start":{"line":71,"column":20},"end":{"line":73,"column":1}},"29":{"start":{"line":72,"column":4},"end":{"line":72,"column":26}},"30":{"start":{"line":76,"column":19},"end":{"line":79,"column":1}},"31":{"start":{"line":77,"column":4},"end":{"line":77,"column":41}},"32":{"start":{"line":78,"column":4},"end":{"line":78,"column":28}},"33":{"start":{"line":82,"column":4},"end":{"line":132,"column":5}},"34":{"start":{"line":93,"column":16},"end":{"line":105,"column":22}},"35":{"start":{"line":101,"column":70},"end":{"line":101,"column":96}},"36":{"start":{"line":120,"column":38},"end":{"line":120,"column":56}},"37":{"start":{"line":127,"column":38},"end":{"line":127,"column":51}}},"fnMap":{"0":{"name":"(anonymous_0)","decl":{"start":{"line":8,"column":24},"end":{"line":8,"column":25}},"loc":{"start":{"line":8,"column":30},"end":{"line":133,"column":1}},"line":8},"1":{"name":"(anonymous_1)","decl":{"start":{"line":10,"column":14},"end":{"line":10,"column":15}},"loc":{"start":{"line":10,"column":20},"end":{"line":14,"column":5}},"line":10},"2":{"name":"(anonymous_2)","decl":{"start":{"line":13,"column":16},"end":{"line":13,"column":17}},"loc":{"start":{"line":13,"column":30},"end":{"line":13,"column":55}},"line":13},"3":{"name":"(anonymous_3)","decl":{"start":{"line":33,"column":24},"end":{"line":33,"column":25}},"loc":{"start":{"line":33,"column":35},"end":{"line":35,"column":1}},"line":33},"4":{"name":"(anonymous_4)","decl":{"start":{"line":47,"column":24},"end":{"line":47,"column":25}},"loc":{"start":{"line":47,"column":34},"end":{"line":50,"column":1}},"line":47},"5":{"name":"(anonymous_5)","decl":{"start":{"line":53,"column":24},"end":{"line":53,"column":25}},"loc":{"start":{"line":53,"column":30},"end":{"line":68,"column":1}},"line":53},"6":{"name":"(anonymous_6)","decl":{"start":{"line":71,"column":20},"end":{"line":71,"column":21}},"loc":{"start":{"line":71,"column":26},"end":{"line":73,"column":1}},"line":71},"7":{"name":"(anonymous_7)","decl":{"start":{"line":76,"column":19},"end":{"line":76,"column":20}},"loc":{"start":{"line":76,"column":30},"end":{"line":79,"column":1}},"line":76},"8":{"name":"(anonymous_8)","decl":{"start":{"line":92,"column":23},"end":{"line":92,"column":24}},"loc":{"start":{"line":93,"column":16},"end":{"line":105,"column":22}},"line":93},"9":{"name":"(anonymous_9)","decl":{"start":{"line":101,"column":65},"end":{"line":101,"column":66}},"loc":{"start":{"line":101,"column":69},"end":{"line":101,"column":97}},"line":101},"10":{"name":"(anonymous_10)","decl":{"start":{"line":120,"column":33},"end":{"line":120,"column":34}},"loc":{"start":{"line":120,"column":37},"end":{"line":120,"column":57}},"line":120},"11":{"name":"(anonymous_11)","decl":{"start":{"line":127,"column":33},"end":{"line":127,"column":34}},"loc":{"start":{"line":127,"column":37},"end":{"line":127,"column":52}},"line":127}},"branchMap":{"0":{"loc":{"start":{"line":54,"column":4},"end":{"line":67,"column":5}},"type":"if","locations":[{"start":{"line":54,"column":4},"end":{"line":67,"column":5}},{"start":{"line":54,"column":4},"end":{"line":67,"column":5}}],"line":54},"1":{"loc":{"start":{"line":58,"column":8},"end":{"line":62,"column":9}},"type":"if","locations":[{"start":{"line":58,"column":8},"end":{"line":62,"column":9}},{"start":{"line":58,"column":8},"end":{"line":62,"column":9}}],"line":58}},"s":{"0":1,"1":3,"2":2,"3":1,"4":1,"5":2,"6":2,"7":0,"8":2,"9":2,"10":2,"11":2,"12":2,"13":2,"14":2,"15":2,"16":0,"17":0,"18":2,"19":0,"20":0,"21":0,"22":0,"23":0,"24":0,"25":0,"26":0,"27":0,"28":2,"29":0,"30":2,"31":0,"32":0,"33":2,"34":2,"35":0,"36":0,"37":0},"f":{"0":3,"1":1,"2":1,"3":0,"4":0,"5":0,"6":0,"7":0,"8":2,"9":0,"10":0,"11":0},"b":{"0":[0,0],"1":[0,0]},"_coverageSchema":"43e27e138ebf9cfc5966b082cf9a028302ed4184","hash":"7a7c9e865a7a05de7cb2b823105105efd2c68554"}
}
