TN:
SF:C:\Users\Zappts\OneDrive\Área de Trabalho\Newtab\UX UI\Newtab-Ux-Ui\src\ListaDeUsuarios.jsx
FN:8,(anonymous_0)
FN:10,(anonymous_1)
FN:13,(anonymous_2)
FN:33,(anonymous_3)
FN:47,(anonymous_4)
FN:53,(anonymous_5)
FN:71,(anonymous_6)
FN:76,(anonymous_7)
FN:92,(anonymous_8)
FN:101,(anonymous_9)
FN:120,(anonymous_10)
FN:127,(anonymous_11)
FNF:12
FNH:4
FNDA:3,(anonymous_0)
FNDA:1,(anonymous_1)
FNDA:1,(anonymous_2)
FNDA:0,(anonymous_3)
FNDA:0,(anonymous_4)
FNDA:0,(anonymous_5)
FNDA:0,(anonymous_6)
FNDA:0,(anonymous_7)
FNDA:2,(anonymous_8)
FNDA:0,(anonymous_9)
FNDA:0,(anonymous_10)
FNDA:0,(anonymous_11)
DA:8,1
DA:9,3
DA:10,2
DA:11,1
DA:13,1
DA:17,2
DA:33,2
DA:34,0
DA:38,2
DA:39,2
DA:40,2
DA:41,2
DA:42,2
DA:43,2
DA:44,2
DA:47,2
DA:48,0
DA:49,0
DA:53,2
DA:54,0
DA:55,0
DA:58,0
DA:59,0
DA:61,0
DA:63,0
DA:64,0
DA:65,0
DA:66,0
DA:71,2
DA:72,0
DA:76,2
DA:77,0
DA:78,0
DA:82,2
DA:93,2
DA:101,0
DA:120,0
DA:127,0
LF:38
LH:20
BRDA:54,0,0,0
BRDA:54,0,1,0
BRDA:58,1,0,0
BRDA:58,1,1,0
BRF:4
BRH:0
end_of_record
